# JRE version: Java(TM) SE Runtime Environment (8.0_151-b12) (build 1.8.0_151-b12)
# Java VM: Java HotSpot(TM) 64-Bit Server VM (25.151-b12 mixed mode windows-amd64 compressed oops)
Heap:
 PSYoungGen      total 137216K, used 50033K [0x000000076b380000, 0x000000077a280000, 0x00000007c0000000)
  eden space 126464K, 31% used [0x000000076b380000,0x000000076d9e0320,0x0000000772f00000)
  from space 10752K, 99% used [0x0000000772f00000,0x000000077397c3b0,0x0000000773980000)
  to   space 17408K, 54% used [0x0000000779180000,0x0000000779ad1188,0x000000077a280000)
 ParOldGen       total 536064K, used 465126K [0x00000006c1a00000, 0x00000006e2580000, 0x000000076b380000)
  object space 536064K, 86% used [0x00000006c1a00000,0x00000006de039a58,0x00000006e2580000)
 Metaspace       used 33612K, capacity 35308K, committed 35456K, reserved 1079296K
  class space    used 4541K, capacity 4868K, committed 4992K, reserved 1048576K
GC Heap History (10 events):
Event: 1.745 GC heap after
Heap after GC invocations=2 (full 0):
 PSYoungGen      total 76288K, used 10709K [0x000000076b380000, 0x0000000774880000, 0x00000007c0000000)
  eden space 65536K, 0% used [0x000000076b380000,0x000000076b380000,0x000000076f380000)
  from space 10752K, 99% used [0x000000076fe00000,0x0000000770875628,0x0000000770880000)
  to   space 10752K, 0% used [0x000000076f380000,0x000000076f380000,0x000000076fe00000)
 ParOldGen       total 175104K, used 24K [0x00000006c1a00000, 0x00000006cc500000, 0x000000076b380000)
  object space 175104K, 0% used [0x00000006c1a00000,0x00000006c1a06000,0x00000006cc500000)
 Metaspace       used 20429K, capacity 21084K, committed 21120K, reserved 1067008K
  class space    used 2737K, capacity 2919K, committed 2944K, reserved 1048576K
}
Event: 1.761 GC heap before
{Heap before GC invocations=3 (full 0):
 PSYoungGen      total 76288K, used 13447K [0x000000076b380000, 0x0000000774880000, 0x00000007c0000000)
  eden space 65536K, 4% used [0x000000076b380000,0x000000076b62c788,0x000000076f380000)
  from space 10752K, 99% used [0x000000076fe00000,0x0000000770875628,0x0000000770880000)
  to   space 10752K, 0% used [0x000000076f380000,0x000000076f380000,0x000000076fe00000)
 ParOldGen       total 175104K, used 24K [0x00000006c1a00000, 0x00000006cc500000, 0x000000076b380000)
  object space 175104K, 0% used [0x00000006c1a00000,0x00000006c1a06000,0x00000006cc500000)
 Metaspace       used 20637K, capacity 21222K, committed 21296K, reserved 1067008K
  class space    used 2760K, capacity 2922K, committed 2944K, reserved 1048576K
Event: 1.768 GC heap after
Heap after GC invocations=3 (full 0):
 PSYoungGen      total 76288K, used 5520K [0x000000076b380000, 0x0000000774880000, 0x00000007c0000000)
  eden space 65536K, 0% used [0x000000076b380000,0x000000076b380000,0x000000076f380000)
  from space 10752K, 51% used [0x000000076f380000,0x000000076f8e4280,0x000000076fe00000)
  to   space 10752K, 0% used [0x0000000773e00000,0x0000000773e00000,0x0000000774880000)
 ParOldGen       total 175104K, used 32K [0x00000006c1a00000, 0x00000006cc500000, 0x000000076b380000)
  object space 175104K, 0% used [0x00000006c1a00000,0x00000006c1a08000,0x00000006cc500000)
 Metaspace       used 20637K, capacity 21222K, committed 21296K, reserved 1067008K
  class space    used 2760K, capacity 2922K, committed 2944K, reserved 1048576K
}
Event: 1.768 GC heap before
{Heap before GC invocations=4 (full 1):
 PSYoungGen      total 76288K, used 5520K [0x000000076b380000, 0x0000000774880000, 0x00000007c0000000)
  eden space 65536K, 0% used [0x000000076b380000,0x000000076b380000,0x000000076f380000)
  from space 10752K, 51% used [0x000000076f380000,0x000000076f8e4280,0x000000076fe00000)
  to   space 10752K, 0% used [0x0000000773e00000,0x0000000773e00000,0x0000000774880000)
 ParOldGen       total 175104K, used 32K [0x00000006c1a00000, 0x00000006cc500000, 0x000000076b380000)
  object space 175104K, 0% used [0x00000006c1a00000,0x00000006c1a08000,0x00000006cc500000)
 Metaspace       used 20637K, capacity 21222K, committed 21296K, reserved 1067008K
  class space    used 2760K, capacity 2922K, committed 2944K, reserved 1048576K
Event: 1.803 GC heap after
Heap after GC invocations=4 (full 1):
 PSYoungGen      total 76288K, used 0K [0x000000076b380000, 0x0000000774880000, 0x00000007c0000000)
  eden space 65536K, 0% used [0x000000076b380000,0x000000076b380000,0x000000076f380000)
  from space 10752K, 0% used [0x000000076f380000,0x000000076f380000,0x000000076fe00000)
  to   space 10752K, 0% used [0x0000000773e00000,0x0000000773e00000,0x0000000774880000)
 ParOldGen       total 81920K, used 5388K [0x00000006c1a00000, 0x00000006c6a00000, 0x000000076b380000)
  object space 81920K, 6% used [0x00000006c1a00000,0x00000006c1f430f0,0x00000006c6a00000)
 Metaspace       used 20635K, capacity 21216K, committed 21296K, reserved 1067008K
  class space    used 2759K, capacity 2921K, committed 2944K, reserved 1048576K
}
Event: 2.290 GC heap before
{Heap before GC invocations=5 (full 1):
 PSYoungGen      total 76288K, used 65536K [0x000000076b380000, 0x0000000774880000, 0x00000007c0000000)
  eden space 65536K, 100% used [0x000000076b380000,0x000000076f380000,0x000000076f380000)
  from space 10752K, 0% used [0x000000076f380000,0x000000076f380000,0x000000076fe00000)
  to   space 10752K, 0% used [0x0000000773e00000,0x0000000773e00000,0x0000000774880000)
 ParOldGen       total 81920K, used 5388K [0x00000006c1a00000, 0x00000006c6a00000, 0x000000076b380000)
  object space 81920K, 6% used [0x00000006c1a00000,0x00000006c1f430f0,0x00000006c6a00000)
 Metaspace       used 23654K, capacity 24516K, committed 24704K, reserved 1071104K
  class space    used 3172K, capacity 3389K, committed 3456K, reserved 1048576K
Event: 2.295 GC heap after
Heap after GC invocations=5 (full 1):
 PSYoungGen      total 124928K, used 5691K [0x000000076b380000, 0x0000000774400000, 0x00000007c0000000)
  eden space 118784K, 0% used [0x000000076b380000,0x000000076b380000,0x0000000772780000)
  from space 6144K, 92% used [0x0000000773e00000,0x000000077438ee50,0x0000000774400000)
  to   space 10752K, 0% used [0x0000000772f00000,0x0000000772f00000,0x0000000773980000)
 ParOldGen       total 81920K, used 5460K [0x00000006c1a00000, 0x00000006c6a00000, 0x000000076b380000)
  object space 81920K, 6% used [0x00000006c1a00000,0x00000006c1f55100,0x00000006c6a00000)
 Metaspace       used 23654K, capacity 24516K, committed 24704K, reserved 1071104K
  class space    used 3172K, capacity 3389K, committed 3456K, reserved 1048576K
}
Event: 3.299 GC heap before
{Heap before GC invocations=6 (full 1):
 PSYoungGen      total 124928K, used 124475K [0x000000076b380000, 0x0000000774400000, 0x00000007c0000000)
  eden space 118784K, 100% used [0x000000076b380000,0x0000000772780000,0x0000000772780000)
  from space 6144K, 92% used [0x0000000773e00000,0x000000077438ee50,0x0000000774400000)
  to   space 10752K, 0% used [0x0000000772f00000,0x0000000772f00000,0x0000000773980000)
 ParOldGen       total 81920K, used 5460K [0x00000006c1a00000, 0x00000006c6a00000, 0x000000076b380000)
  object space 81920K, 6% used [0x00000006c1a00000,0x00000006c1f55100,0x00000006c6a00000)
 Metaspace       used 31419K, capacity 32880K, committed 33024K, reserved 1077248K
  class space    used 4237K, capacity 4512K, committed 4608K, reserved 1048576K
Event: 3.310 GC heap after
Heap after GC invocations=6 (full 1):
 PSYoungGen      total 137216K, used 10736K [0x000000076b380000, 0x000000077a280000, 0x00000007c0000000)
  eden space 126464K, 0% used [0x000000076b380000,0x000000076b380000,0x0000000772f00000)
  from space 10752K, 99% used [0x0000000772f00000,0x000000077397c3b0,0x0000000773980000)
  to   space 17408K, 0% used [0x0000000779180000,0x0000000779180000,0x000000077a280000)
 ParOldGen       total 81920K, used 11037K [0x00000006c1a00000, 0x00000006c6a00000, 0x000000076b380000)
  object space 81920K, 13% used [0x00000006c1a00000,0x00000006c24c7418,0x00000006c6a00000)
 Metaspace       used 31419K, capacity 32880K, committed 33024K, reserved 1077248K
  class space    used 4237K, capacity 4512K, committed 4608K, reserved 1048576K
}
Event: 3.603 GC heap before
{Heap before GC invocations=7 (full 1):
 PSYoungGen      total 137216K, used 50033K [0x000000076b380000, 0x000000077a280000, 0x00000007c0000000)
  eden space 126464K, 31% used [0x000000076b380000,0x000000076d9e0320,0x0000000772f00000)
  from space 10752K, 99% used [0x0000000772f00000,0x000000077397c3b0,0x0000000773980000)
  to   space 17408K, 0% used [0x0000000779180000,0x0000000779180000,0x000000077a280000)
 ParOldGen       total 81920K, used 11037K [0x00000006c1a00000, 0x00000006c6a00000, 0x000000076b380000)
  object space 81920K, 13% used [0x00000006c1a00000,0x00000006c24c7418,0x00000006c6a00000)
 Metaspace       used 33612K, capacity 35308K, committed 35456K, reserved 1079296K
  class space    used 4541K, capacity 4868K, committed 4992K, reserved 1048576K

