# JRE version: Java(TM) SE Runtime Environment (8.0_151-b12) (build 1.8.0_151-b12)
# Java VM: Java HotSpot(TM) 64-Bit Server VM (25.151-b12 mixed mode windows-amd64 compressed oops)
Heap:
 PSYoungGen      total 375296K, used 107898K [0x000000076b380000, 0x0000000783480000, 0x00000007c0000000)
  eden space 357376K, 30% used [0x000000076b380000,0x0000000771cdeb88,0x0000000781080000)
  from space 17920K, 0% used [0x0000000782300000,0x0000000782300000,0x0000000783480000)
  to   space 18432K, 12% used [0x0000000781080000,0x00000007812cc168,0x0000000782280000)
 ParOldGen       total 121344K, used 18769K [0x00000006c1a00000, 0x00000006c9080000, 0x000000076b380000)
  object space 121344K, 15% used [0x00000006c1a00000,0x00000006c2c54580,0x00000006c9080000)
 Metaspace       used 37082K, capacity 39394K, committed 39552K, reserved 1083392K
  class space    used 5063K, capacity 5471K, committed 5504K, reserved 1048576K
GC Heap History (10 events):
Event: 140.239 GC heap after
Heap after GC invocations=12 (full 4):
 PSYoungGen      total 376320K, used 0K [0x000000076b380000, 0x0000000783580000, 0x00000007c0000000)
  eden space 357376K, 0% used [0x000000076b380000,0x000000076b380000,0x0000000781080000)
  from space 18944K, 0% used [0x0000000782300000,0x0000000782300000,0x0000000783580000)
  to   space 18944K, 0% used [0x0000000781080000,0x0000000781080000,0x0000000782300000)
 ParOldGen       total 121344K, used 18355K [0x00000006c1a00000, 0x00000006c9080000, 0x000000076b380000)
  object space 121344K, 15% used [0x00000006c1a00000,0x00000006c2becc40,0x00000006c9080000)
 Metaspace       used 36820K, capacity 38862K, committed 39040K, reserved 1083392K
  class space    used 5019K, capacity 5386K, committed 5504K, reserved 1048576K
}
Event: 164.722 GC heap before
{Heap before GC invocations=13 (full 4):
 PSYoungGen      total 376320K, used 113387K [0x000000076b380000, 0x0000000783580000, 0x00000007c0000000)
  eden space 357376K, 31% used [0x000000076b380000,0x000000077223ad40,0x0000000781080000)
  from space 18944K, 0% used [0x0000000782300000,0x0000000782300000,0x0000000783580000)
  to   space 18944K, 0% used [0x0000000781080000,0x0000000781080000,0x0000000782300000)
 ParOldGen       total 121344K, used 18355K [0x00000006c1a00000, 0x00000006c9080000, 0x000000076b380000)
  object space 121344K, 15% used [0x00000006c1a00000,0x00000006c2becc40,0x00000006c9080000)
 Metaspace       used 36954K, capacity 39098K, committed 39296K, reserved 1083392K
  class space    used 5038K, capacity 5435K, committed 5504K, reserved 1048576K
Event: 164.749 GC heap after
Heap after GC invocations=13 (full 4):
 PSYoungGen      total 376320K, used 3476K [0x000000076b380000, 0x0000000783580000, 0x00000007c0000000)
  eden space 357376K, 0% used [0x000000076b380000,0x000000076b380000,0x0000000781080000)
  from space 18944K, 18% used [0x0000000781080000,0x00000007813e52b0,0x0000000782300000)
  to   space 18944K, 0% used [0x0000000782300000,0x0000000782300000,0x0000000783580000)
 ParOldGen       total 121344K, used 18363K [0x00000006c1a00000, 0x00000006c9080000, 0x000000076b380000)
  object space 121344K, 15% used [0x00000006c1a00000,0x00000006c2beec40,0x00000006c9080000)
 Metaspace       used 36954K, capacity 39098K, committed 39296K, reserved 1083392K
  class space    used 5038K, capacity 5435K, committed 5504K, reserved 1048576K
}
Event: 164.749 GC heap before
{Heap before GC invocations=14 (full 5):
 PSYoungGen      total 376320K, used 3476K [0x000000076b380000, 0x0000000783580000, 0x00000007c0000000)
  eden space 357376K, 0% used [0x000000076b380000,0x000000076b380000,0x0000000781080000)
  from space 18944K, 18% used [0x0000000781080000,0x00000007813e52b0,0x0000000782300000)
  to   space 18944K, 0% used [0x0000000782300000,0x0000000782300000,0x0000000783580000)
 ParOldGen       total 121344K, used 18363K [0x00000006c1a00000, 0x00000006c9080000, 0x000000076b380000)
  object space 121344K, 15% used [0x00000006c1a00000,0x00000006c2beec40,0x00000006c9080000)
 Metaspace       used 36954K, capacity 39098K, committed 39296K, reserved 1083392K
  class space    used 5038K, capacity 5435K, committed 5504K, reserved 1048576K
Event: 164.839 GC heap after
Heap after GC invocations=14 (full 5):
 PSYoungGen      total 376320K, used 0K [0x000000076b380000, 0x0000000783580000, 0x00000007c0000000)
  eden space 357376K, 0% used [0x000000076b380000,0x000000076b380000,0x0000000781080000)
  from space 18944K, 0% used [0x0000000781080000,0x0000000781080000,0x0000000782300000)
  to   space 18944K, 0% used [0x0000000782300000,0x0000000782300000,0x0000000783580000)
 ParOldGen       total 121344K, used 18712K [0x00000006c1a00000, 0x00000006c9080000, 0x000000076b380000)
  object space 121344K, 15% used [0x00000006c1a00000,0x00000006c2c462f8,0x00000006c9080000)
 Metaspace       used 36951K, capacity 39092K, committed 39296K, reserved 1083392K
  class space    used 5038K, capacity 5433K, committed 5504K, reserved 1048576K
}
Event: 432.404 GC heap before
{Heap before GC invocations=15 (full 5):
 PSYoungGen      total 376320K, used 116239K [0x000000076b380000, 0x0000000783580000, 0x00000007c0000000)
  eden space 357376K, 32% used [0x000000076b380000,0x0000000772503ea8,0x0000000781080000)
  from space 18944K, 0% used [0x0000000781080000,0x0000000781080000,0x0000000782300000)
  to   space 18944K, 0% used [0x0000000782300000,0x0000000782300000,0x0000000783580000)
 ParOldGen       total 121344K, used 18712K [0x00000006c1a00000, 0x00000006c9080000, 0x000000076b380000)
  object space 121344K, 15% used [0x00000006c1a00000,0x00000006c2c462f8,0x00000006c9080000)
 Metaspace       used 37040K, capacity 39300K, committed 39552K, reserved 1083392K
  class space    used 5056K, capacity 5462K, committed 5504K, reserved 1048576K
Event: 432.407 GC heap after
Heap after GC invocations=15 (full 5):
 PSYoungGen      total 375296K, used 3536K [0x000000076b380000, 0x0000000783480000, 0x00000007c0000000)
  eden space 357376K, 0% used [0x000000076b380000,0x000000076b380000,0x0000000781080000)
  from space 17920K, 19% used [0x0000000782300000,0x0000000782674298,0x0000000783480000)
  to   space 18432K, 0% used [0x0000000781080000,0x0000000781080000,0x0000000782280000)
 ParOldGen       total 121344K, used 18720K [0x00000006c1a00000, 0x00000006c9080000, 0x000000076b380000)
  object space 121344K, 15% used [0x00000006c1a00000,0x00000006c2c482f8,0x00000006c9080000)
 Metaspace       used 37040K, capacity 39300K, committed 39552K, reserved 1083392K
  class space    used 5056K, capacity 5462K, committed 5504K, reserved 1048576K
}
Event: 432.407 GC heap before
{Heap before GC invocations=16 (full 6):
 PSYoungGen      total 375296K, used 3536K [0x000000076b380000, 0x0000000783480000, 0x00000007c0000000)
  eden space 357376K, 0% used [0x000000076b380000,0x000000076b380000,0x0000000781080000)
  from space 17920K, 19% used [0x0000000782300000,0x0000000782674298,0x0000000783480000)
  to   space 18432K, 0% used [0x0000000781080000,0x0000000781080000,0x0000000782280000)
 ParOldGen       total 121344K, used 18720K [0x00000006c1a00000, 0x00000006c9080000, 0x000000076b380000)
  object space 121344K, 15% used [0x00000006c1a00000,0x00000006c2c482f8,0x00000006c9080000)
 Metaspace       used 37040K, capacity 39300K, committed 39552K, reserved 1083392K
  class space    used 5056K, capacity 5462K, committed 5504K, reserved 1048576K
Event: 432.510 GC heap after
Heap after GC invocations=16 (full 6):
 PSYoungGen      total 375296K, used 0K [0x000000076b380000, 0x0000000783480000, 0x00000007c0000000)
  eden space 357376K, 0% used [0x000000076b380000,0x000000076b380000,0x0000000781080000)
  from space 17920K, 0% used [0x0000000782300000,0x0000000782300000,0x0000000783480000)
  to   space 18432K, 0% used [0x0000000781080000,0x0000000781080000,0x0000000782280000)
 ParOldGen       total 121344K, used 18761K [0x00000006c1a00000, 0x00000006c9080000, 0x000000076b380000)
  object space 121344K, 15% used [0x00000006c1a00000,0x00000006c2c52580,0x00000006c9080000)
 Metaspace       used 37038K, capacity 39294K, committed 39552K, reserved 1083392K
  class space    used 5055K, capacity 5460K, committed 5504K, reserved 1048576K
}
Event: 496.033 GC heap before
{Heap before GC invocations=17 (full 6):
 PSYoungGen      total 375296K, used 107898K [0x000000076b380000, 0x0000000783480000, 0x00000007c0000000)
  eden space 357376K, 30% used [0x000000076b380000,0x0000000771cdeb88,0x0000000781080000)
  from space 17920K, 0% used [0x0000000782300000,0x0000000782300000,0x0000000783480000)
  to   space 18432K, 0% used [0x0000000781080000,0x0000000781080000,0x0000000782280000)
 ParOldGen       total 121344K, used 18761K [0x00000006c1a00000, 0x00000006c9080000, 0x000000076b380000)
  object space 121344K, 15% used [0x00000006c1a00000,0x00000006c2c52580,0x00000006c9080000)
 Metaspace       used 37082K, capacity 39394K, committed 39552K, reserved 1083392K
  class space    used 5063K, capacity 5471K, committed 5504K, reserved 1048576K

